build/app/intermediates/manifest_merge_blame_file/debug/manifest-merger-blame-debug-report.txt
1<?xml version="1.0" encoding="utf-8"?>
2<manifest xmlns:android="http://schemas.android.com/apk/res/android"
3    package="com.example.flutter_application_1"
4    android:versionCode="1"
5    android:versionName="1.0.0" >
6
7    <uses-sdk
8        android:minSdkVersion="19"
9        android:targetSdkVersion="30" />
10    <!--
11         Flutter needs it to communicate with the running application
12         to allow setting breakpoints, to provide hot reload, etc.
13    -->
14    <uses-permission android:name="android.permission.INTERNET" />
14-->src\debug\AndroidManifest.xml:6:5-66
14-->src\debug\AndroidManifest.xml:6:22-64
15    <uses-permission android:name="android.permission.REQUEST_INSTALL_PACKAGES" />
15-->[:open_file] AndroidManifest.xml:8:5-83
15-->[:open_file] AndroidManifest.xml:8:22-80
16    <uses-permission android:name="android.permission.READ_EXTERNAL_STORAGE" /> <!-- Although the *SdkVersion is captured in gradle build files, this is required for non gradle builds -->
16-->[:open_file] AndroidManifest.xml:9:5-80
16-->[:open_file] AndroidManifest.xml:9:22-77
17    <!-- <uses-sdk android:minSdkVersion="14" /> -->
18    <uses-permission android:name="android.permission.ACCESS_NETWORK_STATE" />
18-->[com.google.firebase:firebase-firestore:24.1.2] AndroidManifest.xml:13:5-79
18-->[com.google.firebase:firebase-firestore:24.1.2] AndroidManifest.xml:13:22-76
19    <uses-permission android:name="android.permission.WAKE_LOCK" />
19-->[com.google.android.gms:play-services-measurement-api:21.0.0] AndroidManifest.xml:24:5-68
19-->[com.google.android.gms:play-services-measurement-api:21.0.0] AndroidManifest.xml:24:22-65
20    <uses-permission android:name="com.google.android.gms.permission.AD_ID" />
20-->[com.google.android.gms:play-services-measurement-api:21.0.0] AndroidManifest.xml:25:5-79
20-->[com.google.android.gms:play-services-measurement-api:21.0.0] AndroidManifest.xml:25:22-76
21    <uses-permission android:name="com.google.android.finsky.permission.BIND_GET_INSTALL_REFERRER_SERVICE" />
21-->[com.google.android.gms:play-services-measurement:21.0.0] AndroidManifest.xml:26:5-110
21-->[com.google.android.gms:play-services-measurement:21.0.0] AndroidManifest.xml:26:22-107
22
23    <application
24        android:name="android.app.Application"
25        android:appComponentFactory="androidx.core.app.CoreComponentFactory"
25-->[androidx.core:core:1.6.0] AndroidManifest.xml:24:18-86
26        android:debuggable="true"
27        android:icon="@mipmap/ic_launcher"
28        android:label="flutter_application_1" >
29        <activity
30            android:name="com.example.flutter_application_1.MainActivity"
31            android:configChanges="orientation|keyboardHidden|keyboard|screenSize|smallestScreenSize|locale|layoutDirection|fontScale|screenLayout|density|uiMode"
32            android:exported="true"
33            android:hardwareAccelerated="true"
34            android:launchMode="singleTop"
35            android:theme="@style/LaunchTheme"
36            android:windowSoftInputMode="adjustResize" >
37
38            <!--
39                 Specifies an Android theme to apply to this Activity as soon as
40                 the Android process has started. This theme is visible to the user
41                 while the Flutter UI initializes. After that, this theme continues
42                 to determine the Window background behind the Flutter UI.
43            -->
44            <meta-data
45                android:name="io.flutter.embedding.android.NormalTheme"
46                android:resource="@style/NormalTheme" />
47
48            <intent-filter>
49                <action android:name="android.intent.action.MAIN" />
50
51                <category android:name="android.intent.category.LAUNCHER" />
52            </intent-filter>
53        </activity>
54        <!--
55             Don't delete the meta-data below.
56             This is used by the Flutter tool to generate GeneratedPluginRegistrant.java
57        -->
58        <meta-data
59            android:name="flutterEmbedding"
60            android:value="2" />
61
62        <service
62-->[:cloud_firestore] AndroidManifest.xml:8:9-12:19
63            android:name="com.google.firebase.components.ComponentDiscoveryService"
63-->[:cloud_firestore] AndroidManifest.xml:8:18-89
64            android:directBootAware="true"
64-->[com.google.firebase:firebase-common:20.1.1] AndroidManifest.xml:35:13-43
65            android:exported="false" >
65-->[com.google.firebase:firebase-analytics-ktx:21.0.0] AndroidManifest.xml:10:13-37
66            <meta-data
66-->[:cloud_firestore] AndroidManifest.xml:9:13-11:85
67                android:name="com.google.firebase.components:io.flutter.plugins.firebase.firestore.FlutterFirebaseFirestoreRegistrar"
67-->[:cloud_firestore] AndroidManifest.xml:10:17-134
68                android:value="com.google.firebase.components.ComponentRegistrar" />
68-->[:cloud_firestore] AndroidManifest.xml:11:17-82
69            <meta-data
69-->[:firebase_core] AndroidManifest.xml:9:13-11:85
70                android:name="com.google.firebase.components:io.flutter.plugins.firebase.core.FlutterFirebaseCoreRegistrar"
70-->[:firebase_core] AndroidManifest.xml:10:17-124
71                android:value="com.google.firebase.components.ComponentRegistrar" />
71-->[:firebase_core] AndroidManifest.xml:11:17-82
72            <meta-data
72-->[com.google.firebase:firebase-analytics-ktx:21.0.0] AndroidManifest.xml:11:13-13:85
73                android:name="com.google.firebase.components:com.google.firebase.analytics.ktx.FirebaseAnalyticsKtxRegistrar"
73-->[com.google.firebase:firebase-analytics-ktx:21.0.0] AndroidManifest.xml:12:17-126
74                android:value="com.google.firebase.components.ComponentRegistrar" />
74-->[com.google.firebase:firebase-analytics-ktx:21.0.0] AndroidManifest.xml:13:17-82
75            <meta-data
75-->[com.google.firebase:firebase-common-ktx:20.1.1] AndroidManifest.xml:15:13-17:85
76                android:name="com.google.firebase.components:com.google.firebase.ktx.FirebaseCommonKtxRegistrar"
76-->[com.google.firebase:firebase-common-ktx:20.1.1] AndroidManifest.xml:16:17-113
77                android:value="com.google.firebase.components.ComponentRegistrar" />
77-->[com.google.firebase:firebase-common-ktx:20.1.1] AndroidManifest.xml:17:17-82
78            <meta-data
78-->[com.google.firebase:firebase-firestore:24.1.2] AndroidManifest.xml:20:13-22:85
79                android:name="com.google.firebase.components:com.google.firebase.firestore.FirestoreRegistrar"
79-->[com.google.firebase:firebase-firestore:24.1.2] AndroidManifest.xml:21:17-111
80                android:value="com.google.firebase.components.ComponentRegistrar" />
80-->[com.google.firebase:firebase-firestore:24.1.2] AndroidManifest.xml:22:17-82
81            <meta-data
81-->[com.google.android.gms:play-services-measurement-api:21.0.0] AndroidManifest.xml:31:13-33:85
82                android:name="com.google.firebase.components:com.google.firebase.analytics.connector.internal.AnalyticsConnectorRegistrar"
82-->[com.google.android.gms:play-services-measurement-api:21.0.0] AndroidManifest.xml:32:17-139
83                android:value="com.google.firebase.components.ComponentRegistrar" />
83-->[com.google.android.gms:play-services-measurement-api:21.0.0] AndroidManifest.xml:33:17-82
84            <meta-data
84-->[com.google.firebase:firebase-installations:17.0.1] AndroidManifest.xml:18:13-20:85
85                android:name="com.google.firebase.components:com.google.firebase.installations.FirebaseInstallationsRegistrar"
85-->[com.google.firebase:firebase-installations:17.0.1] AndroidManifest.xml:19:17-127
86                android:value="com.google.firebase.components.ComponentRegistrar" />
86-->[com.google.firebase:firebase-installations:17.0.1] AndroidManifest.xml:20:17-82
87        </service>
88
89        <provider
89-->[:open_file] AndroidManifest.xml:12:9-21:20
90            android:name="com.crazecoder.openfile.FileProvider"
90-->[:open_file] AndroidManifest.xml:13:13-64
91            android:authorities="com.example.flutter_application_1.fileProvider.com.crazecoder.openfile"
91-->[:open_file] AndroidManifest.xml:14:13-88
92            android:exported="false"
92-->[:open_file] AndroidManifest.xml:15:13-37
93            android:grantUriPermissions="true" >
93-->[:open_file] AndroidManifest.xml:16:13-47
94            <meta-data
94-->[:open_file] AndroidManifest.xml:18:13-20:53
95                android:name="android.support.FILE_PROVIDER_PATHS"
95-->[:open_file] AndroidManifest.xml:19:17-67
96                android:resource="@xml/filepaths" />
96-->[:open_file] AndroidManifest.xml:20:17-50
97        </provider>
98
99        <uses-library
99-->[androidx.window:window:1.0.0-beta04] AndroidManifest.xml:25:9-27:40
100            android:name="androidx.window.extensions"
100-->[androidx.window:window:1.0.0-beta04] AndroidManifest.xml:26:13-54
101            android:required="false" />
101-->[androidx.window:window:1.0.0-beta04] AndroidManifest.xml:27:13-37
102        <uses-library
102-->[androidx.window:window:1.0.0-beta04] AndroidManifest.xml:28:9-30:40
103            android:name="androidx.window.sidecar"
103-->[androidx.window:window:1.0.0-beta04] AndroidManifest.xml:29:13-51
104            android:required="false" />
104-->[androidx.window:window:1.0.0-beta04] AndroidManifest.xml:30:13-37
105
106        <provider
106-->[com.google.firebase:firebase-common:20.1.1] AndroidManifest.xml:26:9-31:39
107            android:name="com.google.firebase.provider.FirebaseInitProvider"
107-->[com.google.firebase:firebase-common:20.1.1] AndroidManifest.xml:27:13-77
108            android:authorities="com.example.flutter_application_1.firebaseinitprovider"
108-->[com.google.firebase:firebase-common:20.1.1] AndroidManifest.xml:28:13-72
109            android:directBootAware="true"
109-->[com.google.firebase:firebase-common:20.1.1] AndroidManifest.xml:29:13-43
110            android:exported="false"
110-->[com.google.firebase:firebase-common:20.1.1] AndroidManifest.xml:30:13-37
111            android:initOrder="100" />
111-->[com.google.firebase:firebase-common:20.1.1] AndroidManifest.xml:31:13-36
112
113        <activity
113-->[com.google.android.gms:play-services-base:18.0.1] AndroidManifest.xml:20:9-22:45
114            android:name="com.google.android.gms.common.api.GoogleApiActivity"
114-->[com.google.android.gms:play-services-base:18.0.1] AndroidManifest.xml:20:19-85
115            android:exported="false"
115-->[com.google.android.gms:play-services-base:18.0.1] AndroidManifest.xml:22:19-43
116            android:theme="@android:style/Theme.Translucent.NoTitleBar" />
116-->[com.google.android.gms:play-services-base:18.0.1] AndroidManifest.xml:21:19-78
117
118        <receiver
118-->[com.google.android.gms:play-services-measurement:21.0.0] AndroidManifest.xml:29:9-33:20
119            android:name="com.google.android.gms.measurement.AppMeasurementReceiver"
119-->[com.google.android.gms:play-services-measurement:21.0.0] AndroidManifest.xml:30:13-85
120            android:enabled="true"
120-->[com.google.android.gms:play-services-measurement:21.0.0] AndroidManifest.xml:31:13-35
121            android:exported="false" >
121-->[com.google.android.gms:play-services-measurement:21.0.0] AndroidManifest.xml:32:13-37
122        </receiver>
123
124        <service
124-->[com.google.android.gms:play-services-measurement:21.0.0] AndroidManifest.xml:35:9-38:40
125            android:name="com.google.android.gms.measurement.AppMeasurementService"
125-->[com.google.android.gms:play-services-measurement:21.0.0] AndroidManifest.xml:36:13-84
126            android:enabled="true"
126-->[com.google.android.gms:play-services-measurement:21.0.0] AndroidManifest.xml:37:13-35
127            android:exported="false" />
127-->[com.google.android.gms:play-services-measurement:21.0.0] AndroidManifest.xml:38:13-37
128        <service
128-->[com.google.android.gms:play-services-measurement:21.0.0] AndroidManifest.xml:39:9-43:72
129            android:name="com.google.android.gms.measurement.AppMeasurementJobService"
129-->[com.google.android.gms:play-services-measurement:21.0.0] AndroidManifest.xml:40:13-87
130            android:enabled="true"
130-->[com.google.android.gms:play-services-measurement:21.0.0] AndroidManifest.xml:41:13-35
131            android:exported="false"
131-->[com.google.android.gms:play-services-measurement:21.0.0] AndroidManifest.xml:42:13-37
132            android:permission="android.permission.BIND_JOB_SERVICE" />
132-->[com.google.android.gms:play-services-measurement:21.0.0] AndroidManifest.xml:43:13-69
133
134        <meta-data
134-->[com.google.android.gms:play-services-basement:18.0.0] AndroidManifest.xml:21:9-23:69
135            android:name="com.google.android.gms.version"
135-->[com.google.android.gms:play-services-basement:18.0.0] AndroidManifest.xml:22:13-58
136            android:value="@integer/google_play_services_version" />
136-->[com.google.android.gms:play-services-basement:18.0.0] AndroidManifest.xml:23:13-66
137    </application>
138
139</manifest>